# JRE version: OpenJDK Runtime Environment Temurin-21.0.8+9 (21.0.8+9) (build 21.0.8+9-LTS)
# Java VM: OpenJDK 64-Bit Server VM Temurin-21.0.8+9 (21.0.8+9-LTS, mixed mode, sharing, tiered, compressed oops, compressed class ptrs, parallel gc, windows-amd64)
GC Precious Log:
 CardTable entry size: 512
 CPUs: 16 total, 16 available
 Memory: 16109M
 Large Page Support: Disabled
 NUMA Support: Disabled
 Compressed Oops: Enabled (32-bit)
 Alignments: Space 512K, Generation 512K, Heap 2M
 Heap Min Capacity: 100M
 Heap Initial Capacity: 100M
 Heap Max Capacity: 2G
 Pre-touch: Disabled
 Parallel Workers: 13
Heap:
 PSYoungGen      total 18944K, used 1531K [0x00000000d5580000, 0x00000000d6980000, 0x0000000100000000)
  eden space 17408K, 0% used [0x00000000d5580000,0x00000000d5580000,0x00000000d6680000)
  from space 1536K, 99% used [0x00000000d6680000,0x00000000d67fecc0,0x00000000d6800000)
  to   space 1024K, 0% used [0x00000000d6880000,0x00000000d6880000,0x00000000d6980000)
 ParOldGen       total 68608K, used 52261K [0x0000000080000000, 0x0000000084300000, 0x00000000d5580000)
  object space 68608K, 76% used [0x0000000080000000,0x00000000833097c8,0x0000000084300000)
 Metaspace       used 60787K, committed 62208K, reserved 1114112K
  class space    used 6503K, committed 7104K, reserved 1048576K
GC Heap History (20 events):
Event: 10.315 GC heap after
{Heap after GC invocations=38 (full 2):
 PSYoungGen      total 18944K, used 1122K [0x00000000d5580000, 0x00000000d6a00000, 0x0000000100000000)
  eden space 17408K, 0% used [0x00000000d5580000,0x00000000d5580000,0x00000000d6680000)
  from space 1536K, 73% used [0x00000000d6880000,0x00000000d6998800,0x00000000d6a00000)
  to   space 1536K, 0% used [0x00000000d6700000,0x00000000d6700000,0x00000000d6880000)
 ParOldGen       total 68608K, used 44666K [0x0000000080000000, 0x0000000084300000, 0x00000000d5580000)
  object space 68608K, 65% used [0x0000000080000000,0x0000000082b9e8e8,0x0000000084300000)
 Metaspace       used 58425K, committed 59776K, reserved 1114112K
  class space    used 6270K, committed 6848K, reserved 1048576K
}
Event: 10.316 GC heap before
{Heap before GC invocations=39 (full 3):
 PSYoungGen      total 18944K, used 1122K [0x00000000d5580000, 0x00000000d6a00000, 0x0000000100000000)
  eden space 17408K, 0% used [0x00000000d5580000,0x00000000d5580000,0x00000000d6680000)
  from space 1536K, 73% used [0x00000000d6880000,0x00000000d6998800,0x00000000d6a00000)
  to   space 1536K, 0% used [0x00000000d6700000,0x00000000d6700000,0x00000000d6880000)
 ParOldGen       total 68608K, used 44666K [0x0000000080000000, 0x0000000084300000, 0x00000000d5580000)
  object space 68608K, 65% used [0x0000000080000000,0x0000000082b9e8e8,0x0000000084300000)
 Metaspace       used 58425K, committed 59776K, reserved 1114112K
  class space    used 6270K, committed 6848K, reserved 1048576K
}
Event: 10.367 GC heap after
{Heap after GC invocations=39 (full 3):
 PSYoungGen      total 18944K, used 0K [0x00000000d5580000, 0x00000000d6a00000, 0x0000000100000000)
  eden space 17408K, 0% used [0x00000000d5580000,0x00000000d5580000,0x00000000d6680000)
  from space 1536K, 0% used [0x00000000d6880000,0x00000000d6880000,0x00000000d6a00000)
  to   space 1536K, 0% used [0x00000000d6700000,0x00000000d6700000,0x00000000d6880000)
 ParOldGen       total 68608K, used 39436K [0x0000000080000000, 0x0000000084300000, 0x00000000d5580000)
  object space 68608K, 57% used [0x0000000080000000,0x00000000826832a8,0x0000000084300000)
 Metaspace       used 58418K, committed 59776K, reserved 1114112K
  class space    used 6268K, committed 6848K, reserved 1048576K
}
Event: 10.422 GC heap before
{Heap before GC invocations=40 (full 3):
 PSYoungGen      total 18944K, used 17408K [0x00000000d5580000, 0x00000000d6a00000, 0x0000000100000000)
  eden space 17408K, 100% used [0x00000000d5580000,0x00000000d6680000,0x00000000d6680000)
  from space 1536K, 0% used [0x00000000d6880000,0x00000000d6880000,0x00000000d6a00000)
  to   space 1536K, 0% used [0x00000000d6700000,0x00000000d6700000,0x00000000d6880000)
 ParOldGen       total 68608K, used 39436K [0x0000000080000000, 0x0000000084300000, 0x00000000d5580000)
  object space 68608K, 57% used [0x0000000080000000,0x00000000826832a8,0x0000000084300000)
 Metaspace       used 58584K, committed 59968K, reserved 1114112K
  class space    used 6293K, committed 6848K, reserved 1048576K
}
Event: 10.423 GC heap after
{Heap after GC invocations=40 (full 3):
 PSYoungGen      total 18944K, used 1504K [0x00000000d5580000, 0x00000000d6a80000, 0x0000000100000000)
  eden space 17408K, 0% used [0x00000000d5580000,0x00000000d5580000,0x00000000d6680000)
  from space 1536K, 97% used [0x00000000d6700000,0x00000000d6878010,0x00000000d6880000)
  to   space 2048K, 0% used [0x00000000d6880000,0x00000000d6880000,0x00000000d6a80000)
 ParOldGen       total 68608K, used 39620K [0x0000000080000000, 0x0000000084300000, 0x00000000d5580000)
  object space 68608K, 57% used [0x0000000080000000,0x00000000826b12b8,0x0000000084300000)
 Metaspace       used 58584K, committed 59968K, reserved 1114112K
  class space    used 6293K, committed 6848K, reserved 1048576K
}
Event: 10.466 GC heap before
{Heap before GC invocations=41 (full 3):
 PSYoungGen      total 18944K, used 18912K [0x00000000d5580000, 0x00000000d6a80000, 0x0000000100000000)
  eden space 17408K, 100% used [0x00000000d5580000,0x00000000d6680000,0x00000000d6680000)
  from space 1536K, 97% used [0x00000000d6700000,0x00000000d6878010,0x00000000d6880000)
  to   space 2048K, 0% used [0x00000000d6880000,0x00000000d6880000,0x00000000d6a80000)
 ParOldGen       total 68608K, used 39620K [0x0000000080000000, 0x0000000084300000, 0x00000000d5580000)
  object space 68608K, 57% used [0x0000000080000000,0x00000000826b12b8,0x0000000084300000)
 Metaspace       used 58597K, committed 59968K, reserved 1114112K
  class space    used 6293K, committed 6848K, reserved 1048576K
}
Event: 10.468 GC heap after
{Heap after GC invocations=41 (full 3):
 PSYoungGen      total 19456K, used 1888K [0x00000000d5580000, 0x00000000d6a80000, 0x0000000100000000)
  eden space 17408K, 0% used [0x00000000d5580000,0x00000000d5580000,0x00000000d6680000)
  from space 2048K, 92% used [0x00000000d6880000,0x00000000d6a58000,0x00000000d6a80000)
  to   space 2048K, 0% used [0x00000000d6680000,0x00000000d6680000,0x00000000d6880000)
 ParOldGen       total 68608K, used 41081K [0x0000000080000000, 0x0000000084300000, 0x00000000d5580000)
  object space 68608K, 59% used [0x0000000080000000,0x000000008281e430,0x0000000084300000)
 Metaspace       used 58597K, committed 59968K, reserved 1114112K
  class space    used 6293K, committed 6848K, reserved 1048576K
}
Event: 10.497 GC heap before
{Heap before GC invocations=42 (full 3):
 PSYoungGen      total 19456K, used 19296K [0x00000000d5580000, 0x00000000d6a80000, 0x0000000100000000)
  eden space 17408K, 100% used [0x00000000d5580000,0x00000000d6680000,0x00000000d6680000)
  from space 2048K, 92% used [0x00000000d6880000,0x00000000d6a58000,0x00000000d6a80000)
  to   space 2048K, 0% used [0x00000000d6680000,0x00000000d6680000,0x00000000d6880000)
 ParOldGen       total 68608K, used 41081K [0x0000000080000000, 0x0000000084300000, 0x00000000d5580000)
  object space 68608K, 59% used [0x0000000080000000,0x000000008281e430,0x0000000084300000)
 Metaspace       used 58599K, committed 59968K, reserved 1114112K
  class space    used 6293K, committed 6848K, reserved 1048576K
}
Event: 10.499 GC heap after
{Heap after GC invocations=42 (full 3):
 PSYoungGen      total 19456K, used 1764K [0x00000000d5580000, 0x00000000d6a80000, 0x0000000100000000)
  eden space 17408K, 0% used [0x00000000d5580000,0x00000000d5580000,0x00000000d6680000)
  from space 2048K, 86% used [0x00000000d6680000,0x00000000d6839000,0x00000000d6880000)
  to   space 2048K, 0% used [0x00000000d6880000,0x00000000d6880000,0x00000000d6a80000)
 ParOldGen       total 68608K, used 42713K [0x0000000080000000, 0x0000000084300000, 0x00000000d5580000)
  object space 68608K, 62% used [0x0000000080000000,0x00000000829b6430,0x0000000084300000)
 Metaspace       used 58599K, committed 59968K, reserved 1114112K
  class space    used 6293K, committed 6848K, reserved 1048576K
}
Event: 10.530 GC heap before
{Heap before GC invocations=43 (full 3):
 PSYoungGen      total 19456K, used 19172K [0x00000000d5580000, 0x00000000d6a80000, 0x0000000100000000)
  eden space 17408K, 100% used [0x00000000d5580000,0x00000000d6680000,0x00000000d6680000)
  from space 2048K, 86% used [0x00000000d6680000,0x00000000d6839000,0x00000000d6880000)
  to   space 2048K, 0% used [0x00000000d6880000,0x00000000d6880000,0x00000000d6a80000)
 ParOldGen       total 68608K, used 42713K [0x0000000080000000, 0x0000000084300000, 0x00000000d5580000)
  object space 68608K, 62% used [0x0000000080000000,0x00000000829b6430,0x0000000084300000)
 Metaspace       used 58623K, committed 59968K, reserved 1114112K
  class space    used 6296K, committed 6848K, reserved 1048576K
}
Event: 10.532 GC heap after
{Heap after GC invocations=43 (full 3):
 PSYoungGen      total 19456K, used 1952K [0x00000000d5580000, 0x00000000d6a80000, 0x0000000100000000)
  eden space 17408K, 0% used [0x00000000d5580000,0x00000000d5580000,0x00000000d6680000)
  from space 2048K, 95% used [0x00000000d6880000,0x00000000d6a68010,0x00000000d6a80000)
  to   space 2048K, 0% used [0x00000000d6680000,0x00000000d6680000,0x00000000d6880000)
 ParOldGen       total 68608K, used 44313K [0x0000000080000000, 0x0000000084300000, 0x00000000d5580000)
  object space 68608K, 64% used [0x0000000080000000,0x0000000082b46530,0x0000000084300000)
 Metaspace       used 58623K, committed 59968K, reserved 1114112K
  class space    used 6296K, committed 6848K, reserved 1048576K
}
Event: 10.573 GC heap before
{Heap before GC invocations=44 (full 3):
 PSYoungGen      total 19456K, used 19360K [0x00000000d5580000, 0x00000000d6a80000, 0x0000000100000000)
  eden space 17408K, 100% used [0x00000000d5580000,0x00000000d6680000,0x00000000d6680000)
  from space 2048K, 95% used [0x00000000d6880000,0x00000000d6a68010,0x00000000d6a80000)
  to   space 2048K, 0% used [0x00000000d6680000,0x00000000d6680000,0x00000000d6880000)
 ParOldGen       total 68608K, used 44313K [0x0000000080000000, 0x0000000084300000, 0x00000000d5580000)
  object space 68608K, 64% used [0x0000000080000000,0x0000000082b46530,0x0000000084300000)
 Metaspace       used 58643K, committed 59968K, reserved 1114112K
  class space    used 6296K, committed 6848K, reserved 1048576K
}
Event: 10.575 GC heap after
{Heap after GC invocations=44 (full 3):
 PSYoungGen      total 19456K, used 1600K [0x00000000d5580000, 0x00000000d6a80000, 0x0000000100000000)
  eden space 17408K, 0% used [0x00000000d5580000,0x00000000d5580000,0x00000000d6680000)
  from space 2048K, 78% used [0x00000000d6680000,0x00000000d6810000,0x00000000d6880000)
  to   space 2048K, 0% used [0x00000000d6880000,0x00000000d6880000,0x00000000d6a80000)
 ParOldGen       total 68608K, used 46089K [0x0000000080000000, 0x0000000084300000, 0x00000000d5580000)
  object space 68608K, 67% used [0x0000000080000000,0x0000000082d02540,0x0000000084300000)
 Metaspace       used 58643K, committed 59968K, reserved 1114112K
  class space    used 6296K, committed 6848K, reserved 1048576K
}
Event: 10.602 GC heap before
{Heap before GC invocations=45 (full 3):
 PSYoungGen      total 19456K, used 19008K [0x00000000d5580000, 0x00000000d6a80000, 0x0000000100000000)
  eden space 17408K, 100% used [0x00000000d5580000,0x00000000d6680000,0x00000000d6680000)
  from space 2048K, 78% used [0x00000000d6680000,0x00000000d6810000,0x00000000d6880000)
  to   space 2048K, 0% used [0x00000000d6880000,0x00000000d6880000,0x00000000d6a80000)
 ParOldGen       total 68608K, used 46089K [0x0000000080000000, 0x0000000084300000, 0x00000000d5580000)
  object space 68608K, 67% used [0x0000000080000000,0x0000000082d02540,0x0000000084300000)
 Metaspace       used 58646K, committed 59968K, reserved 1114112K
  class space    used 6296K, committed 6848K, reserved 1048576K
}
Event: 10.604 GC heap after
{Heap after GC invocations=45 (full 3):
 PSYoungGen      total 19456K, used 1656K [0x00000000d5580000, 0x00000000d6a80000, 0x0000000100000000)
  eden space 17408K, 0% used [0x00000000d5580000,0x00000000d5580000,0x00000000d6680000)
  from space 2048K, 80% used [0x00000000d6880000,0x00000000d6a1e200,0x00000000d6a80000)
  to   space 2048K, 0% used [0x00000000d6680000,0x00000000d6680000,0x00000000d6880000)
 ParOldGen       total 68608K, used 47505K [0x0000000080000000, 0x0000000084300000, 0x00000000d5580000)
  object space 68608K, 69% used [0x0000000080000000,0x0000000082e64540,0x0000000084300000)
 Metaspace       used 58646K, committed 59968K, reserved 1114112K
  class space    used 6296K, committed 6848K, reserved 1048576K
}
Event: 10.720 GC heap before
{Heap before GC invocations=46 (full 3):
 PSYoungGen      total 19456K, used 19064K [0x00000000d5580000, 0x00000000d6a80000, 0x0000000100000000)
  eden space 17408K, 100% used [0x00000000d5580000,0x00000000d6680000,0x00000000d6680000)
  from space 2048K, 80% used [0x00000000d6880000,0x00000000d6a1e200,0x00000000d6a80000)
  to   space 2048K, 0% used [0x00000000d6680000,0x00000000d6680000,0x00000000d6880000)
 ParOldGen       total 68608K, used 47505K [0x0000000080000000, 0x0000000084300000, 0x00000000d5580000)
  object space 68608K, 69% used [0x0000000080000000,0x0000000082e64540,0x0000000084300000)
 Metaspace       used 58975K, committed 60288K, reserved 1114112K
  class space    used 6317K, committed 6912K, reserved 1048576K
}
Event: 10.722 GC heap after
{Heap after GC invocations=46 (full 3):
 PSYoungGen      total 19456K, used 1944K [0x00000000d5580000, 0x00000000d6a80000, 0x0000000100000000)
  eden space 17408K, 0% used [0x00000000d5580000,0x00000000d5580000,0x00000000d6680000)
  from space 2048K, 94% used [0x00000000d6680000,0x00000000d6866160,0x00000000d6880000)
  to   space 2048K, 0% used [0x00000000d6880000,0x00000000d6880000,0x00000000d6a80000)
 ParOldGen       total 68608K, used 48966K [0x0000000080000000, 0x0000000084300000, 0x00000000d5580000)
  object space 68608K, 71% used [0x0000000080000000,0x0000000082fd1a98,0x0000000084300000)
 Metaspace       used 58975K, committed 60288K, reserved 1114112K
  class space    used 6317K, committed 6912K, reserved 1048576K
}
Event: 11.192 GC heap before
{Heap before GC invocations=47 (full 3):
 PSYoungGen      total 19456K, used 19352K [0x00000000d5580000, 0x00000000d6a80000, 0x0000000100000000)
  eden space 17408K, 99% used [0x00000000d5580000,0x00000000d667fff8,0x00000000d6680000)
  from space 2048K, 94% used [0x00000000d6680000,0x00000000d6866160,0x00000000d6880000)
  to   space 2048K, 0% used [0x00000000d6880000,0x00000000d6880000,0x00000000d6a80000)
 ParOldGen       total 68608K, used 48966K [0x0000000080000000, 0x0000000084300000, 0x00000000d5580000)
  object space 68608K, 71% used [0x0000000080000000,0x0000000082fd1a98,0x0000000084300000)
 Metaspace       used 59839K, committed 61312K, reserved 1114112K
  class space    used 6408K, committed 7040K, reserved 1048576K
}
Event: 11.194 GC heap after
{Heap after GC invocations=47 (full 3):
 PSYoungGen      total 18432K, used 977K [0x00000000d5580000, 0x00000000d6980000, 0x0000000100000000)
  eden space 17408K, 0% used [0x00000000d5580000,0x00000000d5580000,0x00000000d6680000)
  from space 1024K, 95% used [0x00000000d6880000,0x00000000d6974618,0x00000000d6980000)
  to   space 1536K, 0% used [0x00000000d6680000,0x00000000d6680000,0x00000000d6800000)
 ParOldGen       total 68608K, used 50467K [0x0000000080000000, 0x0000000084300000, 0x00000000d5580000)
  object space 68608K, 73% used [0x0000000080000000,0x0000000083148fb8,0x0000000084300000)
 Metaspace       used 59839K, committed 61312K, reserved 1114112K
  class space    used 6408K, committed 7040K, reserved 1048576K
}
Event: 11.431 GC heap before
{Heap before GC invocations=48 (full 3):
 PSYoungGen      total 18432K, used 18385K [0x00000000d5580000, 0x00000000d6980000, 0x0000000100000000)
  eden space 17408K, 100% used [0x00000000d5580000,0x00000000d6680000,0x00000000d6680000)
  from space 1024K, 95% used [0x00000000d6880000,0x00000000d6974618,0x00000000d6980000)
  to   space 1536K, 0% used [0x00000000d6680000,0x00000000d6680000,0x00000000d6800000)
 ParOldGen       total 68608K, used 50467K [0x0000000080000000, 0x0000000084300000, 0x00000000d5580000)
  object space 68608K, 73% used [0x0000000080000000,0x0000000083148fb8,0x0000000084300000)
 Metaspace       used 60787K, committed 62208K, reserved 1114112K
  class space    used 6503K, committed 7104K, reserved 1048576K
}

