# JRE version: OpenJDK Runtime Environment Temurin-21.0.8+9 (21.0.8+9) (build 21.0.8+9-LTS)
# Java VM: OpenJDK 64-Bit Server VM Temurin-21.0.8+9 (21.0.8+9-LTS, mixed mode, sharing, tiered, compressed oops, compressed class ptrs, parallel gc, windows-amd64)
GC Precious Log:
 CardTable entry size: 512
 CPUs: 16 total, 16 available
 Memory: 16109M
 Large Page Support: Disabled
 NUMA Support: Disabled
 Compressed Oops: Enabled (32-bit)
 Alignments: Space 512K, Generation 512K, Heap 2M
 Heap Min Capacity: 100M
 Heap Initial Capacity: 100M
 Heap Max Capacity: 2G
 Pre-touch: Disabled
 Parallel Workers: 13
Heap:
 PSYoungGen      total 3072K, used 1072K [0x00000000d5580000, 0x00000000d5980000, 0x0000000100000000)
  eden space 2048K, 30% used [0x00000000d5580000,0x00000000d561c140,0x00000000d5780000)
  from space 1024K, 43% used [0x00000000d5880000,0x00000000d58f0000,0x00000000d5980000)
  to   space 1024K, 0% used [0x00000000d5780000,0x00000000d5780000,0x00000000d5880000)
 ParOldGen       total 428032K, used 427554K [0x0000000080000000, 0x000000009a200000, 0x00000000d5580000)
  object space 428032K, 99% used [0x0000000080000000,0x000000009a1889b0,0x000000009a200000)
 Metaspace       used 64536K, committed 66048K, reserved 1114112K
  class space    used 6607K, committed 7296K, reserved 1048576K
GC Heap History (20 events):
Event: 13.680 GC heap before
{Heap before GC invocations=498 (full 3):
 PSYoungGen      total 1536K, used 1408K [0x00000000d5580000, 0x00000000d5800000, 0x0000000100000000)
  eden space 1024K, 100% used [0x00000000d5580000,0x00000000d5680000,0x00000000d5680000)
  from space 512K, 75% used [0x00000000d5780000,0x00000000d57e0000,0x00000000d5800000)
  to   space 512K, 0% used [0x00000000d5680000,0x00000000d5680000,0x00000000d5700000)
 ParOldGen       total 424960K, used 424934K [0x0000000080000000, 0x0000000099f00000, 0x00000000d5580000)
  object space 424960K, 99% used [0x0000000080000000,0x0000000099ef99c8,0x0000000099f00000)
 Metaspace       used 64338K, committed 65920K, reserved 1114112K
  class space    used 6593K, committed 7296K, reserved 1048576K
}
Event: 13.681 GC heap after
{Heap after GC invocations=498 (full 3):
 PSYoungGen      total 1536K, used 352K [0x00000000d5580000, 0x00000000d5800000, 0x0000000100000000)
  eden space 1024K, 0% used [0x00000000d5580000,0x00000000d5580000,0x00000000d5680000)
  from space 512K, 68% used [0x00000000d5680000,0x00000000d56d8000,0x00000000d5700000)
  to   space 512K, 0% used [0x00000000d5780000,0x00000000d5780000,0x00000000d5800000)
 ParOldGen       total 425472K, used 425115K [0x0000000080000000, 0x0000000099f80000, 0x00000000d5580000)
  object space 425472K, 99% used [0x0000000080000000,0x0000000099f26e08,0x0000000099f80000)
 Metaspace       used 64338K, committed 65920K, reserved 1114112K
  class space    used 6593K, committed 7296K, reserved 1048576K
}
Event: 13.698 GC heap before
{Heap before GC invocations=499 (full 3):
 PSYoungGen      total 1536K, used 1363K [0x00000000d5580000, 0x00000000d5800000, 0x0000000100000000)
  eden space 1024K, 98% used [0x00000000d5580000,0x00000000d567cd80,0x00000000d5680000)
  from space 512K, 68% used [0x00000000d5680000,0x00000000d56d8000,0x00000000d5700000)
  to   space 512K, 0% used [0x00000000d5780000,0x00000000d5780000,0x00000000d5800000)
 ParOldGen       total 425472K, used 425115K [0x0000000080000000, 0x0000000099f80000, 0x00000000d5580000)
  object space 425472K, 99% used [0x0000000080000000,0x0000000099f26e08,0x0000000099f80000)
 Metaspace       used 64369K, committed 65920K, reserved 1114112K
  class space    used 6599K, committed 7296K, reserved 1048576K
}
Event: 13.699 GC heap after
{Heap after GC invocations=499 (full 3):
 PSYoungGen      total 1536K, used 416K [0x00000000d5580000, 0x00000000d5800000, 0x0000000100000000)
  eden space 1024K, 0% used [0x00000000d5580000,0x00000000d5580000,0x00000000d5680000)
  from space 512K, 81% used [0x00000000d5780000,0x00000000d57e8000,0x00000000d5800000)
  to   space 512K, 0% used [0x00000000d5680000,0x00000000d5680000,0x00000000d5700000)
 ParOldGen       total 425472K, used 425259K [0x0000000080000000, 0x0000000099f80000, 0x00000000d5580000)
  object space 425472K, 99% used [0x0000000080000000,0x0000000099f4ae08,0x0000000099f80000)
 Metaspace       used 64369K, committed 65920K, reserved 1114112K
  class space    used 6599K, committed 7296K, reserved 1048576K
}
Event: 13.710 GC heap before
{Heap before GC invocations=500 (full 3):
 PSYoungGen      total 1536K, used 1436K [0x00000000d5580000, 0x00000000d5800000, 0x0000000100000000)
  eden space 1024K, 99% used [0x00000000d5580000,0x00000000d567f170,0x00000000d5680000)
  from space 512K, 81% used [0x00000000d5780000,0x00000000d57e8000,0x00000000d5800000)
  to   space 512K, 0% used [0x00000000d5680000,0x00000000d5680000,0x00000000d5700000)
 ParOldGen       total 425472K, used 425259K [0x0000000080000000, 0x0000000099f80000, 0x00000000d5580000)
  object space 425472K, 99% used [0x0000000080000000,0x0000000099f4ae08,0x0000000099f80000)
 Metaspace       used 64371K, committed 65920K, reserved 1114112K
  class space    used 6599K, committed 7296K, reserved 1048576K
}
Event: 13.711 GC heap after
{Heap after GC invocations=500 (full 3):
 PSYoungGen      total 1536K, used 384K [0x00000000d5580000, 0x00000000d5800000, 0x0000000100000000)
  eden space 1024K, 0% used [0x00000000d5580000,0x00000000d5580000,0x00000000d5680000)
  from space 512K, 75% used [0x00000000d5680000,0x00000000d56e0000,0x00000000d5700000)
  to   space 512K, 0% used [0x00000000d5780000,0x00000000d5780000,0x00000000d5800000)
 ParOldGen       total 425472K, used 425441K [0x0000000080000000, 0x0000000099f80000, 0x00000000d5580000)
  object space 425472K, 99% used [0x0000000080000000,0x0000000099f78410,0x0000000099f80000)
 Metaspace       used 64371K, committed 65920K, reserved 1114112K
  class space    used 6599K, committed 7296K, reserved 1048576K
}
Event: 13.719 GC heap before
{Heap before GC invocations=501 (full 3):
 PSYoungGen      total 1536K, used 1408K [0x00000000d5580000, 0x00000000d5800000, 0x0000000100000000)
  eden space 1024K, 100% used [0x00000000d5580000,0x00000000d5680000,0x00000000d5680000)
  from space 512K, 75% used [0x00000000d5680000,0x00000000d56e0000,0x00000000d5700000)
  to   space 512K, 0% used [0x00000000d5780000,0x00000000d5780000,0x00000000d5800000)
 ParOldGen       total 425472K, used 425441K [0x0000000080000000, 0x0000000099f80000, 0x00000000d5580000)
  object space 425472K, 99% used [0x0000000080000000,0x0000000099f78410,0x0000000099f80000)
 Metaspace       used 64372K, committed 65984K, reserved 1114112K
  class space    used 6599K, committed 7296K, reserved 1048576K
}
Event: 13.720 GC heap after
{Heap after GC invocations=501 (full 3):
 PSYoungGen      total 1536K, used 379K [0x00000000d5580000, 0x00000000d5800000, 0x0000000100000000)
  eden space 1024K, 0% used [0x00000000d5580000,0x00000000d5580000,0x00000000d5680000)
  from space 512K, 74% used [0x00000000d5780000,0x00000000d57dec08,0x00000000d5800000)
  to   space 512K, 0% used [0x00000000d5680000,0x00000000d5680000,0x00000000d5700000)
 ParOldGen       total 425984K, used 425601K [0x0000000080000000, 0x000000009a000000, 0x00000000d5580000)
  object space 425984K, 99% used [0x0000000080000000,0x0000000099fa0410,0x000000009a000000)
 Metaspace       used 64372K, committed 65984K, reserved 1114112K
  class space    used 6599K, committed 7296K, reserved 1048576K
}
Event: 13.725 GC heap before
{Heap before GC invocations=502 (full 3):
 PSYoungGen      total 1536K, used 1391K [0x00000000d5580000, 0x00000000d5800000, 0x0000000100000000)
  eden space 1024K, 98% used [0x00000000d5580000,0x00000000d567d288,0x00000000d5680000)
  from space 512K, 74% used [0x00000000d5780000,0x00000000d57dec08,0x00000000d5800000)
  to   space 512K, 0% used [0x00000000d5680000,0x00000000d5680000,0x00000000d5700000)
 ParOldGen       total 425984K, used 425601K [0x0000000080000000, 0x000000009a000000, 0x00000000d5580000)
  object space 425984K, 99% used [0x0000000080000000,0x0000000099fa0410,0x000000009a000000)
 Metaspace       used 64374K, committed 65984K, reserved 1114112K
  class space    used 6599K, committed 7296K, reserved 1048576K
}
Event: 13.727 GC heap after
{Heap after GC invocations=502 (full 3):
 PSYoungGen      total 1536K, used 352K [0x00000000d5580000, 0x00000000d5800000, 0x0000000100000000)
  eden space 1024K, 0% used [0x00000000d5580000,0x00000000d5580000,0x00000000d5680000)
  from space 512K, 68% used [0x00000000d5680000,0x00000000d56d8000,0x00000000d5700000)
  to   space 512K, 0% used [0x00000000d5780000,0x00000000d5780000,0x00000000d5800000)
 ParOldGen       total 425984K, used 425796K [0x0000000080000000, 0x000000009a000000, 0x00000000d5580000)
  object space 425984K, 99% used [0x0000000080000000,0x0000000099fd1018,0x000000009a000000)
 Metaspace       used 64374K, committed 65984K, reserved 1114112K
  class space    used 6599K, committed 7296K, reserved 1048576K
}
Event: 13.741 GC heap before
{Heap before GC invocations=503 (full 3):
 PSYoungGen      total 1536K, used 1376K [0x00000000d5580000, 0x00000000d5800000, 0x0000000100000000)
  eden space 1024K, 100% used [0x00000000d5580000,0x00000000d5680000,0x00000000d5680000)
  from space 512K, 68% used [0x00000000d5680000,0x00000000d56d8000,0x00000000d5700000)
  to   space 512K, 0% used [0x00000000d5780000,0x00000000d5780000,0x00000000d5800000)
 ParOldGen       total 425984K, used 425796K [0x0000000080000000, 0x000000009a000000, 0x00000000d5580000)
  object space 425984K, 99% used [0x0000000080000000,0x0000000099fd1018,0x000000009a000000)
 Metaspace       used 64382K, committed 65984K, reserved 1114112K
  class space    used 6599K, committed 7296K, reserved 1048576K
}
Event: 13.742 GC heap after
{Heap after GC invocations=503 (full 3):
 PSYoungGen      total 1536K, used 384K [0x00000000d5580000, 0x00000000d5800000, 0x0000000100000000)
  eden space 1024K, 0% used [0x00000000d5580000,0x00000000d5580000,0x00000000d5680000)
  from space 512K, 75% used [0x00000000d5780000,0x00000000d57e0000,0x00000000d5800000)
  to   space 512K, 0% used [0x00000000d5680000,0x00000000d5680000,0x00000000d5700000)
 ParOldGen       total 426496K, used 425988K [0x0000000080000000, 0x000000009a080000, 0x00000000d5580000)
  object space 426496K, 99% used [0x0000000080000000,0x000000009a001018,0x000000009a080000)
 Metaspace       used 64382K, committed 65984K, reserved 1114112K
  class space    used 6599K, committed 7296K, reserved 1048576K
}
Event: 13.777 GC heap before
{Heap before GC invocations=504 (full 3):
 PSYoungGen      total 1536K, used 1408K [0x00000000d5580000, 0x00000000d5800000, 0x0000000100000000)
  eden space 1024K, 100% used [0x00000000d5580000,0x00000000d5680000,0x00000000d5680000)
  from space 512K, 75% used [0x00000000d5780000,0x00000000d57e0000,0x00000000d5800000)
  to   space 512K, 0% used [0x00000000d5680000,0x00000000d5680000,0x00000000d5700000)
 ParOldGen       total 426496K, used 425988K [0x0000000080000000, 0x000000009a080000, 0x00000000d5580000)
  object space 426496K, 99% used [0x0000000080000000,0x000000009a001018,0x000000009a080000)
 Metaspace       used 64398K, committed 65984K, reserved 1114112K
  class space    used 6599K, committed 7296K, reserved 1048576K
}
Event: 13.781 GC heap after
{Heap after GC invocations=504 (full 3):
 PSYoungGen      total 1536K, used 320K [0x00000000d5580000, 0x00000000d5800000, 0x0000000100000000)
  eden space 1024K, 0% used [0x00000000d5580000,0x00000000d5580000,0x00000000d5680000)
  from space 512K, 62% used [0x00000000d5680000,0x00000000d56d0000,0x00000000d5700000)
  to   space 512K, 0% used [0x00000000d5780000,0x00000000d5780000,0x00000000d5800000)
 ParOldGen       total 426496K, used 426156K [0x0000000080000000, 0x000000009a080000, 0x00000000d5580000)
  object space 426496K, 99% used [0x0000000080000000,0x000000009a02b018,0x000000009a080000)
 Metaspace       used 64398K, committed 65984K, reserved 1114112K
  class space    used 6599K, committed 7296K, reserved 1048576K
}
Event: 13.865 GC heap before
{Heap before GC invocations=505 (full 3):
 PSYoungGen      total 1536K, used 1344K [0x00000000d5580000, 0x00000000d5800000, 0x0000000100000000)
  eden space 1024K, 100% used [0x00000000d5580000,0x00000000d5680000,0x00000000d5680000)
  from space 512K, 62% used [0x00000000d5680000,0x00000000d56d0000,0x00000000d5700000)
  to   space 512K, 0% used [0x00000000d5780000,0x00000000d5780000,0x00000000d5800000)
 ParOldGen       total 426496K, used 426156K [0x0000000080000000, 0x000000009a080000, 0x00000000d5580000)
  object space 426496K, 99% used [0x0000000080000000,0x000000009a02b018,0x000000009a080000)
 Metaspace       used 64438K, committed 65984K, reserved 1114112K
  class space    used 6599K, committed 7296K, reserved 1048576K
}
Event: 13.866 GC heap after
{Heap after GC invocations=505 (full 3):
 PSYoungGen      total 1536K, used 320K [0x00000000d5580000, 0x00000000d5800000, 0x0000000100000000)
  eden space 1024K, 0% used [0x00000000d5580000,0x00000000d5580000,0x00000000d5680000)
  from space 512K, 62% used [0x00000000d5780000,0x00000000d57d0000,0x00000000d5800000)
  to   space 512K, 0% used [0x00000000d5680000,0x00000000d5680000,0x00000000d5700000)
 ParOldGen       total 426496K, used 426228K [0x0000000080000000, 0x000000009a080000, 0x00000000d5580000)
  object space 426496K, 99% used [0x0000000080000000,0x000000009a03d018,0x000000009a080000)
 Metaspace       used 64438K, committed 65984K, reserved 1114112K
  class space    used 6599K, committed 7296K, reserved 1048576K
}
Event: 13.914 GC heap before
{Heap before GC invocations=506 (full 3):
 PSYoungGen      total 1536K, used 1343K [0x00000000d5580000, 0x00000000d5800000, 0x0000000100000000)
  eden space 1024K, 99% used [0x00000000d5580000,0x00000000d567ffd0,0x00000000d5680000)
  from space 512K, 62% used [0x00000000d5780000,0x00000000d57d0000,0x00000000d5800000)
  to   space 512K, 0% used [0x00000000d5680000,0x00000000d5680000,0x00000000d5700000)
 ParOldGen       total 426496K, used 426228K [0x0000000080000000, 0x000000009a080000, 0x00000000d5580000)
  object space 426496K, 99% used [0x0000000080000000,0x000000009a03d018,0x000000009a080000)
 Metaspace       used 64488K, committed 66048K, reserved 1114112K
  class space    used 6600K, committed 7296K, reserved 1048576K
}
Event: 13.915 GC heap after
{Heap after GC invocations=506 (full 3):
 PSYoungGen      total 1536K, used 381K [0x00000000d5580000, 0x00000000d5800000, 0x0000000100000000)
  eden space 1024K, 0% used [0x00000000d5580000,0x00000000d5580000,0x00000000d5680000)
  from space 512K, 74% used [0x00000000d5680000,0x00000000d56df788,0x00000000d5700000)
  to   space 512K, 0% used [0x00000000d5780000,0x00000000d5780000,0x00000000d5800000)
 ParOldGen       total 426496K, used 426292K [0x0000000080000000, 0x000000009a080000, 0x00000000d5580000)
  object space 426496K, 99% used [0x0000000080000000,0x000000009a04d018,0x000000009a080000)
 Metaspace       used 64488K, committed 66048K, reserved 1114112K
  class space    used 6600K, committed 7296K, reserved 1048576K
}
Event: 13.934 GC heap before
{Heap before GC invocations=507 (full 3):
 PSYoungGen      total 1536K, used 1405K [0x00000000d5580000, 0x00000000d5800000, 0x0000000100000000)
  eden space 1024K, 100% used [0x00000000d5580000,0x00000000d5680000,0x00000000d5680000)
  from space 512K, 74% used [0x00000000d5680000,0x00000000d56df788,0x00000000d5700000)
  to   space 512K, 0% used [0x00000000d5780000,0x00000000d5780000,0x00000000d5800000)
 ParOldGen       total 426496K, used 426292K [0x0000000080000000, 0x000000009a080000, 0x00000000d5580000)
  object space 426496K, 99% used [0x0000000080000000,0x000000009a04d018,0x000000009a080000)
 Metaspace       used 64495K, committed 66048K, reserved 1114112K
  class space    used 6602K, committed 7296K, reserved 1048576K
}
Event: 13.936 GC heap after
{Heap after GC invocations=507 (full 3):
 PSYoungGen      total 1536K, used 320K [0x00000000d5580000, 0x00000000d5800000, 0x0000000100000000)
  eden space 1024K, 0% used [0x00000000d5580000,0x00000000d5580000,0x00000000d5680000)
  from space 512K, 62% used [0x00000000d5780000,0x00000000d57d0000,0x00000000d5800000)
  to   space 512K, 0% used [0x00000000d5680000,0x00000000d5680000,0x00000000d5700000)
 ParOldGen       total 426496K, used 426457K [0x0000000080000000, 0x000000009a080000, 0x00000000d5580000)
  object space 426496K, 99% used [0x0000000080000000,0x000000009a0767a0,0x000000009a080000)
 Metaspace       used 64495K, committed 66048K, reserved 1114112K
  class space    used 6602K, committed 7296K, reserved 1048576K
}

